{"id":"1","date":"Mon Aug 12 2019","username":"marco","level":"info","message":"[USER CREATED]"}
{"message":"::1 - - [12/Aug/2019:21:52:11 +0000] \"POST /users HTTP/1.1\" 201 174\n","level":"info"}
{"message":"::1 - - [12/Aug/2019:21:52:21 +0000] \"POST /getUser HTTP/1.1\" 200 -\n","level":"info"}
{"message":"::1 - - [12/Aug/2019:21:52:30 +0000] \"POST /getUser HTTP/1.1\" 200 -\n","level":"info"}
{"message":"::1 - - [12/Aug/2019:21:56:50 +0000] \"POST /getUser HTTP/1.1\" 200 131\n","level":"info"}
{"message":"::1 - - [12/Aug/2019:21:56:52 +0000] \"POST /getUser HTTP/1.1\" 200 131\n","level":"info"}
{"message":"::1 - - [12/Aug/2019:21:56:52 +0000] \"POST /getUser HTTP/1.1\" 200 131\n","level":"info"}
{"message":"::1 - - [12/Aug/2019:21:56:52 +0000] \"POST /getUser HTTP/1.1\" 200 131\n","level":"info"}
{"message":"::1 - - [12/Aug/2019:21:56:53 +0000] \"POST /getUser HTTP/1.1\" 200 131\n","level":"info"}
{"message":"::1 - - [12/Aug/2019:21:56:53 +0000] \"POST /getUser HTTP/1.1\" 200 131\n","level":"info"}
{"message":"::1 - - [12/Aug/2019:21:56:54 +0000] \"POST /getUser HTTP/1.1\" 200 131\n","level":"info"}
{"message":"::1 - - [12/Aug/2019:21:56:58 +0000] \"POST /getUser HTTP/1.1\" 403 -\n","level":"info"}
{"message":"::1 - - [12/Aug/2019:21:57:01 +0000] \"POST /getUser HTTP/1.1\" 200 131\n","level":"info"}
{"message":"::1 - - [12/Aug/2019:21:58:25 +0000] \"POST /getUser HTTP/1.1\" 200 131\n","level":"info"}
{"message":"::1 - - [12/Aug/2019:21:59:03 +0000] \"POST /getUser HTTP/1.1\" 200 131\n","level":"info"}
{"message":"::1 - - [12/Aug/2019:21:59:08 +0000] \"POST /getUser HTTP/1.1\" 200 131\n","level":"info"}
{"message":"::1 - - [12/Aug/2019:22:04:15 +0000] \"POST /getUser HTTP/1.1\" 200 131\n","level":"info"}
{"message":"::1 - - [12/Aug/2019:22:05:08 +0000] \"POST /getUser HTTP/1.1\" 200 131\n","level":"info"}
{"message":"::1 - - [12/Aug/2019:22:06:45 +0000] \"POST /getUser HTTP/1.1\" 403 -\n","level":"info"}
{"message":"::1 - - [12/Aug/2019:22:06:53 +0000] \"POST /getUser HTTP/1.1\" 403 -\n","level":"info"}
{"message":"::1 - - [12/Aug/2019:22:07:12 +0000] \"POST /getUser HTTP/1.1\" 200 131\n","level":"info"}
{"message":"::1 - - [12/Aug/2019:22:07:17 +0000] \"POST /getUser HTTP/1.1\" 403 -\n","level":"info"}
{"message":"::1 - - [12/Aug/2019:22:11:30 +0000] \"POST /getUser HTTP/1.1\" 403 -\n","level":"info"}
{"id":"1","date":"Mon Aug 12 2019","username":"specko","level":"info","message":"[USER CREATED]"}
{"message":"::1 - - [12/Aug/2019:22:11:41 +0000] \"POST /users HTTP/1.1\" 201 176\n","level":"info"}
{"message":"::1 - - [12/Aug/2019:22:11:48 +0000] \"POST /getUser HTTP/1.1\" 200 133\n","level":"info"}
{"message":"::1 - - [12/Aug/2019:22:11:50 +0000] \"GET /questions HTTP/1.1\" 500 1335\n","level":"info"}
{"message":"::1 - - [12/Aug/2019:22:13:14 +0000] \"POST /getUser HTTP/1.1\" 403 -\n","level":"info"}
{"id":"1","date":"Mon Aug 12 2019","username":"marco","level":"info","message":"[USER CREATED]"}
{"message":"::1 - - [12/Aug/2019:22:13:28 +0000] \"POST /users HTTP/1.1\" 201 176\n","level":"info"}
{"message":"::1 - - [12/Aug/2019:22:13:34 +0000] \"POST /getUser HTTP/1.1\" 200 133\n","level":"info"}
{"message":"::1 - - [12/Aug/2019:22:13:40 +0000] \"POST /getUser HTTP/1.1\" 403 -\n","level":"info"}
{"message":"::1 - - [12/Aug/2019:22:14:06 +0000] \"POST /getUser HTTP/1.1\" 200 133\n","level":"info"}
{"message":"::1 - - [12/Aug/2019:22:14:06 +0000] \"GET /questions HTTP/1.1\" 200 -\n","level":"info"}
{"message":"::1 - - [12/Aug/2019:22:15:51 +0000] \"POST /getUser HTTP/1.1\" 200 133\n","level":"info"}
{"message":"::1 - - [12/Aug/2019:22:15:52 +0000] \"GET /questions HTTP/1.1\" 200 -\n","level":"info"}
{"message":"::1 - - [12/Aug/2019:22:17:53 +0000] \"POST /getUser HTTP/1.1\" 200 133\n","level":"info"}
{"message":"::1 - - [12/Aug/2019:22:17:53 +0000] \"GET /questions HTTP/1.1\" 200 -\n","level":"info"}
{"message":"::1 - - [12/Aug/2019:22:19:49 +0000] \"POST /getUser HTTP/1.1\" 200 133\n","level":"info"}
{"message":"::1 - - [12/Aug/2019:22:19:51 +0000] \"GET /questions HTTP/1.1\" 200 -\n","level":"info"}
{"message":"::1 - - [12/Aug/2019:22:20:41 +0000] \"POST /getUser HTTP/1.1\" 200 133\n","level":"info"}
{"message":"::1 - - [12/Aug/2019:22:20:42 +0000] \"GET /questions HTTP/1.1\" 200 -\n","level":"info"}
{"message":"::1 - - [12/Aug/2019:22:21:18 +0000] \"POST /getUser HTTP/1.1\" 200 133\n","level":"info"}
{"message":"::1 - - [12/Aug/2019:22:21:19 +0000] \"GET /questions HTTP/1.1\" 200 -\n","level":"info"}
{"message":"::1 - - [12/Aug/2019:22:21:54 +0000] \"POST /getUser HTTP/1.1\" 200 133\n","level":"info"}
{"message":"::1 - - [12/Aug/2019:22:21:55 +0000] \"GET /questions HTTP/1.1\" 200 -\n","level":"info"}
{"message":"::1 - - [12/Aug/2019:22:23:37 +0000] \"POST /getUser HTTP/1.1\" 200 133\n","level":"info"}
{"message":"::1 - - [12/Aug/2019:22:23:39 +0000] \"GET /questions HTTP/1.1\" 200 -\n","level":"info"}
{"message":"::1 - - [12/Aug/2019:22:24:24 +0000] \"POST /getUser HTTP/1.1\" 200 133\n","level":"info"}
{"message":"::1 - - [12/Aug/2019:22:24:24 +0000] \"GET /questions HTTP/1.1\" 200 -\n","level":"info"}
{"message":"::1 - - [12/Aug/2019:22:25:48 +0000] \"POST /getUser HTTP/1.1\" 200 133\n","level":"info"}
{"message":"::1 - - [12/Aug/2019:22:25:49 +0000] \"GET /questions HTTP/1.1\" 200 -\n","level":"info"}
{"message":"::1 - - [12/Aug/2019:22:28:00 +0000] \"POST /getUser HTTP/1.1\" 200 133\n","level":"info"}
{"message":"::1 - - [12/Aug/2019:22:28:00 +0000] \"GET /questions HTTP/1.1\" 200 -\n","level":"info"}
{"message":"::1 - - [12/Aug/2019:22:28:09 +0000] \"POST /questions HTTP/1.1\" 400 31\n","level":"info"}
{"message":"::1 - - [12/Aug/2019:22:28:19 +0000] \"POST /getUser HTTP/1.1\" 200 133\n","level":"info"}
{"message":"::1 - - [12/Aug/2019:22:28:20 +0000] \"GET /questions HTTP/1.1\" 200 -\n","level":"info"}
{"id":"1","date":"Mon Aug 12 2019","level":"info","message":"[QUESTION CREATED]"}
{"message":"::1 - - [12/Aug/2019:22:28:39 +0000] \"POST /questions HTTP/1.1\" 201 324\n","level":"info"}
{"message":"::1 - - [12/Aug/2019:22:28:51 +0000] \"POST /getUser HTTP/1.1\" 200 133\n","level":"info"}
{"message":"::1 - - [12/Aug/2019:22:28:52 +0000] \"GET /questions HTTP/1.1\" 200 277\n","level":"info"}
